
========================[ Oct 11, 2017 10:47 AM ]========================
Version 2.2.26 [Sep-21-2011]
Started database file "filo_db"
Formatted 78 sequences in volume 0
SUCCESS: formatted database filo_db

========================[ Oct 11, 2017 10:47 AM ]========================
Version 2.2.26 [Sep-21-2011]
Started database file "hpiv1_utr_db"
Formatted 6 sequences in volume 0
SUCCESS: formatted database hpiv1_utr_db

========================[ Oct 11, 2017 10:47 AM ]========================
Version 2.2.26 [Sep-21-2011]
Started database file "norv2_db"
Formatted 15 sequences in volume 0
SUCCESS: formatted database norv2_db

========================[ Oct 11, 2017 10:47 AM ]========================
Version 2.2.26 [Sep-21-2011]
Started database file "norv_misc_db"
Formatted 76 sequences in volume 0
SUCCESS: formatted database norv_misc_db

========================[ Oct 11, 2017 10:47 AM ]========================
Version 2.2.26 [Sep-21-2011]
Started database file "yfv_db"
Formatted 25 sequences in volume 0
SUCCESS: formatted database yfv_db

========================[ Oct 11, 2017 10:47 AM ]========================
Version 2.2.26 [Sep-21-2011]
Started database file "rabies_db"
Formatted 101 sequences in volume 0
SUCCESS: formatted database rabies_db

========================[ Oct 11, 2017 10:47 AM ]========================
Version 2.2.26 [Sep-21-2011]
Started database file "veev_db"
Formatted 41 sequences in volume 0
SUCCESS: formatted database veev_db

========================[ Oct 11, 2017 10:47 AM ]========================
Version 2.2.26 [Sep-21-2011]
Started database file "fluc_db"
Formatted 9 sequences in volume 0
SUCCESS: formatted database fluc_db

========================[ Oct 11, 2017 10:47 AM ]========================
Version 2.2.26 [Sep-21-2011]
Started database file "hadv_rna_db"
Formatted 65 sequences in volume 0
SUCCESS: formatted database hadv_rna_db

========================[ Oct 11, 2017 10:47 AM ]========================
Version 2.2.26 [Sep-21-2011]
Started database file "norv_murine_db"
Formatted 94 sequences in volume 0
SUCCESS: formatted database norv_murine_db

========================[ Oct 11, 2017 10:47 AM ]========================
Version 2.2.26 [Sep-21-2011]
Started database file "hpiv3_utr_db"
Formatted 49 sequences in volume 0
SUCCESS: formatted database hpiv3_utr_db

========================[ Oct 11, 2017 10:47 AM ]========================
Version 2.2.26 [Sep-21-2011]
Started database file "cov_delta_db"
Formatted 73 sequences in volume 0
SUCCESS: formatted database cov_delta_db

========================[ Oct 11, 2017 10:47 AM ]========================
Version 2.2.26 [Sep-21-2011]
Started database file "hrv_db"
Formatted 289 sequences in volume 0
SUCCESS: formatted database hrv_db

========================[ Oct 11, 2017 10:47 AM ]========================
Version 2.2.26 [Sep-21-2011]
Started database file "cov_g1b_db"
Formatted 48 sequences in volume 0
SUCCESS: formatted database cov_g1b_db

========================[ Oct 11, 2017 10:47 AM ]========================
Version 2.2.26 [Sep-21-2011]
Started database file "cov_g2a_db"
Formatted 132 sequences in volume 0
SUCCESS: formatted database cov_g2a_db

========================[ Oct 11, 2017 10:47 AM ]========================
Version 2.2.26 [Sep-21-2011]
Started database file "cov_alpha_db"
Formatted 336 sequences in volume 0
SUCCESS: formatted database cov_alpha_db

========================[ Oct 11, 2017 10:47 AM ]========================
Version 2.2.26 [Sep-21-2011]
Started database file "cov_unclass_db"
Formatted 43 sequences in volume 0
SUCCESS: formatted database cov_unclass_db

========================[ Oct 11, 2017 10:47 AM ]========================
Version 2.2.26 [Sep-21-2011]
Started database file "cov_gamma_db"
Formatted 348 sequences in volume 0
SUCCESS: formatted database cov_gamma_db

========================[ Oct 11, 2017 10:47 AM ]========================
Version 2.2.26 [Sep-21-2011]
Started database file "cov_sars_db"
Formatted 134 sequences in volume 0
SUCCESS: formatted database cov_sars_db

========================[ Oct 11, 2017 10:47 AM ]========================
Version 2.2.26 [Sep-21-2011]
Started database file "hadvd_db"
Formatted 159 sequences in volume 0
SUCCESS: formatted database hadvd_db

========================[ Oct 11, 2017 10:47 AM ]========================
Version 2.2.26 [Sep-21-2011]
Started database file "eeev_utr_db"
Formatted 12 sequences in volume 0
SUCCESS: formatted database eeev_utr_db

========================[ Oct 11, 2017 10:47 AM ]========================
Version 2.2.26 [Sep-21-2011]
Started database file "rhino_db"
Formatted 45 sequences in volume 0
SUCCESS: formatted database rhino_db

========================[ Oct 11, 2017 10:47 AM ]========================
Version 2.2.26 [Sep-21-2011]
Started database file "sapo_db"
Formatted 51 sequences in volume 0
SUCCESS: formatted database sapo_db

========================[ Oct 11, 2017 10:47 AM ]========================
Version 2.2.26 [Sep-21-2011]
Started database file "sendai_db"
Formatted 66 sequences in volume 0
SUCCESS: formatted database sendai_db

========================[ Oct 11, 2017 10:47 AM ]========================
Version 2.2.26 [Sep-21-2011]
Started database file "mpv_db"
Formatted 366 sequences in volume 0
SUCCESS: formatted database mpv_db

========================[ Oct 11, 2017 10:47 AM ]========================
Version 2.2.26 [Sep-21-2011]
Started database file "wnvII_db"
Formatted 4 sequences in volume 0
SUCCESS: formatted database wnvII_db

========================[ Oct 11, 2017 10:47 AM ]========================
Version 2.2.26 [Sep-21-2011]
Started database file "flux_db"
Formatted 1189 sequences in volume 0
SUCCESS: formatted database flux_db

========================[ Oct 11, 2017 10:47 AM ]========================
Version 2.2.26 [Sep-21-2011]
Started database file "rbl_db"
Formatted 2 sequences in volume 0
SUCCESS: formatted database rbl_db

========================[ Oct 11, 2017 10:47 AM ]========================
Version 2.2.26 [Sep-21-2011]
Started database file "cov_beta_db"
Formatted 194 sequences in volume 0
SUCCESS: formatted database cov_beta_db

========================[ Oct 11, 2017 10:47 AM ]========================
Version 2.2.26 [Sep-21-2011]
Started database file "cdv_db"
Formatted 159 sequences in volume 0
SUCCESS: formatted database cdv_db

========================[ Oct 11, 2017 10:47 AM ]========================
Version 2.2.26 [Sep-21-2011]
Started database file "rsv_utr_db"
Formatted 546 sequences in volume 0
SUCCESS: formatted database rsv_utr_db

========================[ Oct 11, 2017 10:47 AM ]========================
Version 2.2.26 [Sep-21-2011]
Started database file "obunya_db"
Formatted 330 sequences in volume 0
SUCCESS: formatted database obunya_db

========================[ Oct 11, 2017 10:47 AM ]========================
Version 2.2.26 [Sep-21-2011]
Started database file "rtva_db"
Formatted 1745 sequences in volume 0
SUCCESS: formatted database rtva_db

========================[ Oct 11, 2017 10:47 AM ]========================
Version 2.2.26 [Sep-21-2011]
Started database file "rtvb_db"
Formatted 173 sequences in volume 0
SUCCESS: formatted database rtvb_db

========================[ Oct 11, 2017 10:47 AM ]========================
Version 2.2.26 [Sep-21-2011]
Started database file "hadvc_db"
Formatted 85 sequences in volume 0
SUCCESS: formatted database hadvc_db

========================[ Oct 11, 2017 10:47 AM ]========================
Version 2.2.26 [Sep-21-2011]
Started database file "cov_g3_db"
Formatted 363 sequences in volume 0
SUCCESS: formatted database cov_g3_db

========================[ Oct 11, 2017 10:47 AM ]========================
Version 2.2.26 [Sep-21-2011]
Started database file "hadvg_db"
Formatted 36 sequences in volume 0
SUCCESS: formatted database hadvg_db

========================[ Oct 11, 2017 10:47 AM ]========================
Version 2.2.26 [Sep-21-2011]
Started database file "flub_db"
Formatted 18 sequences in volume 0
SUCCESS: formatted database flub_db

========================[ Oct 11, 2017 10:47 AM ]========================
Version 2.2.26 [Sep-21-2011]
Started database file "wnvI_db"
Formatted 9 sequences in volume 0
SUCCESS: formatted database wnvI_db

========================[ Oct 11, 2017 10:47 AM ]========================
Version 2.2.26 [Sep-21-2011]
Started database file "mmp_db"
Formatted 133 sequences in volume 0
SUCCESS: formatted database mmp_db

========================[ Oct 11, 2017 10:47 AM ]========================
Version 2.2.26 [Sep-21-2011]
Started database file "flua_db"
Formatted 75 sequences in volume 0
SUCCESS: formatted database flua_db

========================[ Oct 11, 2017 10:47 AM ]========================
Version 2.2.26 [Sep-21-2011]
Started database file "hhv4_db"
Formatted 145 sequences in volume 0
SUCCESS: formatted database hhv4_db

========================[ Oct 11, 2017 10:47 AM ]========================
Version 2.2.26 [Sep-21-2011]
Started database file "msl_db"
Formatted 159 sequences in volume 0
SUCCESS: formatted database msl_db

========================[ Oct 11, 2017 10:47 AM ]========================
Version 2.2.26 [Sep-21-2011]
Started database file "norv1_db"
Formatted 24 sequences in volume 0
SUCCESS: formatted database norv1_db

========================[ Oct 11, 2017 10:47 AM ]========================
Version 2.2.26 [Sep-21-2011]
Started database file "var_db"
Formatted 71 sequences in volume 0
SUCCESS: formatted database var_db

========================[ Oct 11, 2017 10:47 AM ]========================
Version 2.2.26 [Sep-21-2011]
Started database file "fmdv_db"
Formatted 3 sequences in volume 0
SUCCESS: formatted database fmdv_db

========================[ Oct 11, 2017 10:47 AM ]========================
Version 2.2.26 [Sep-21-2011]
Started database file "hhv5_db"
Formatted 806 sequences in volume 0
SUCCESS: formatted database hhv5_db

========================[ Oct 11, 2017 10:47 AM ]========================
Version 2.2.26 [Sep-21-2011]
Started database file "hhv3_db"
Formatted 71 sequences in volume 0
SUCCESS: formatted database hhv3_db

========================[ Oct 11, 2017 10:47 AM ]========================
Version 2.2.26 [Sep-21-2011]
Started database file "hadva_db"
Formatted 37 sequences in volume 0
SUCCESS: formatted database hadva_db

========================[ Oct 11, 2017 10:47 AM ]========================
Version 2.2.26 [Sep-21-2011]
Started database file "hpiv3_db"
Formatted 101 sequences in volume 0
SUCCESS: formatted database hpiv3_db

========================[ Oct 11, 2017 10:47 AM ]========================
Version 2.2.26 [Sep-21-2011]
Started database file "veevX_db"
Formatted 37 sequences in volume 0
SUCCESS: formatted database veevX_db

========================[ Oct 11, 2017 10:47 AM ]========================
Version 2.2.26 [Sep-21-2011]
Started database file "mpv_utr_db"
Formatted 151 sequences in volume 0
SUCCESS: formatted database mpv_utr_db

========================[ Oct 11, 2017 10:47 AM ]========================
Version 2.2.26 [Sep-21-2011]
Started database file "rsv_db"
Formatted 458 sequences in volume 0
SUCCESS: formatted database rsv_db

========================[ Oct 11, 2017 10:47 AM ]========================
Version 2.2.26 [Sep-21-2011]
Started database file "chikv_utr_db"
Formatted 8 sequences in volume 0
SUCCESS: formatted database chikv_utr_db

========================[ Oct 11, 2017 10:47 AM ]========================
Version 2.2.26 [Sep-21-2011]
Started database file "hadvb_db"
Formatted 228 sequences in volume 0
SUCCESS: formatted database hadvb_db

========================[ Oct 11, 2017 10:47 AM ]========================
Version 2.2.26 [Sep-21-2011]
Started database file "hantavirus_db"
Formatted 41 sequences in volume 0
SUCCESS: formatted database hantavirus_db

========================[ Oct 11, 2017 10:47 AM ]========================
Version 2.2.26 [Sep-21-2011]
Started database file "mumps_db"
Formatted 11 sequences in volume 0
SUCCESS: formatted database mumps_db

========================[ Oct 11, 2017 10:47 AM ]========================
Version 2.2.26 [Sep-21-2011]
Started database file "hadvf_db"
Formatted 34 sequences in volume 0
SUCCESS: formatted database hadvf_db

========================[ Oct 11, 2017 10:47 AM ]========================
Version 2.2.26 [Sep-21-2011]
Started database file "rtvf_db"
Formatted 10 sequences in volume 0
SUCCESS: formatted database rtvf_db

========================[ Oct 11, 2017 10:47 AM ]========================
Version 2.2.26 [Sep-21-2011]
Started database file "misc_bunya_db"
Formatted 93 sequences in volume 0
SUCCESS: formatted database misc_bunya_db

========================[ Oct 11, 2017 10:47 AM ]========================
Version 2.2.26 [Sep-21-2011]
Started database file "cov_g2cd_db"
Formatted 49 sequences in volume 0
SUCCESS: formatted database cov_g2cd_db

========================[ Oct 11, 2017 10:47 AM ]========================
Version 2.2.26 [Sep-21-2011]
Started database file "hhv2_db"
Formatted 81 sequences in volume 0
SUCCESS: formatted database hhv2_db

========================[ Oct 11, 2017 10:47 AM ]========================
Version 2.2.26 [Sep-21-2011]
Started database file "hhv1_db"
Formatted 138 sequences in volume 0
SUCCESS: formatted database hhv1_db

========================[ Oct 11, 2017 10:47 AM ]========================
Version 2.2.26 [Sep-21-2011]
Started database file "zikv_db"
Formatted 7 sequences in volume 0
SUCCESS: formatted database zikv_db

========================[ Oct 11, 2017 10:47 AM ]========================
Version 2.2.26 [Sep-21-2011]
Started database file "cov_g1a_db"
Formatted 305 sequences in volume 0
SUCCESS: formatted database cov_g1a_db

========================[ Oct 11, 2017 10:47 AM ]========================
Version 2.2.26 [Sep-21-2011]
Started database file "rtvg_db"
Formatted 12 sequences in volume 0
SUCCESS: formatted database rtvg_db

========================[ Oct 11, 2017 10:47 AM ]========================
Version 2.2.26 [Sep-21-2011]
Started database file "hpiv1_db"
Formatted 63 sequences in volume 0
SUCCESS: formatted database hpiv1_db

========================[ Oct 11, 2017 10:47 AM ]========================
Version 2.2.26 [Sep-21-2011]
Started database file "rtvc_db"
Formatted 91 sequences in volume 0
SUCCESS: formatted database rtvc_db

========================[ Oct 11, 2017 10:47 AM ]========================
Version 2.2.26 [Sep-21-2011]
Started database file "hadve_db"
Formatted 284 sequences in volume 0
SUCCESS: formatted database hadve_db

========================[ Oct 11, 2017 10:47 AM ]========================
Version 2.2.26 [Sep-21-2011]
Started database file "chikv_db"
Formatted 56 sequences in volume 0
SUCCESS: formatted database chikv_db
